[INFO] 24-12-2024 13:09:28 [main] [Listeners.IInvokedMethodListenerClass.afterInvocation(IInvokedMethodListenerClass.java:29)] - Test Case prepare passed
[INFO] 24-12-2024 13:09:28 [TestNG-test-Raneen Cloud Tests-1] [Listeners.ITestResultListenerClass.onTestStart(ITestResultListenerClass.java:12)] - Test Case 'testRegistrationFlow' started
[ERROR] 24-12-2024 13:10:03 [TestNG-test-Raneen Cloud Tests-1] [Utilities.Utility.takeScreenShot(Utility.java:81)] - no such window: target window already closed
from unknown error: web view not found
  (Session info: chrome=131.0.6778.205)
Build info: version: '4.24.0', revision: '748ffc9bc3'
System info: os.name: 'Windows 10', os.arch: 'amd64', os.version: '10.0', java.version: '21.0.5'
Driver info: org.openqa.selenium.chrome.ChromeDriver
Command: [4a7755f16e9034e84a74a47a6371d048, screenshot {}]
Capabilities {acceptInsecureCerts: false, browserName: chrome, browserVersion: 131.0.6778.205, chrome: {chromedriverVersion: 131.0.6778.204 (52183f9e99a..., userDataDir: C:\Users\MOTAZ~1.MOS\AppDat...}, fedcm:accounts: true, goog:chromeOptions: {debuggerAddress: localhost:55383}, networkConnectionEnabled: false, pageLoadStrategy: normal, platformName: windows, proxy: Proxy(), se:cdp: ws://localhost:55383/devtoo..., se:cdpVersion: 131.0.6778.205, setWindowRect: true, strictFileInteractability: false, timeouts: {implicit: 0, pageLoad: 300000, script: 30000}, unhandledPromptBehavior: dismiss and notify, webauthn:extension:credBlob: true, webauthn:extension:largeBlob: true, webauthn:extension:minPinLength: true, webauthn:extension:prf: true, webauthn:virtualAuthenticators: true}
Session ID: 4a7755f16e9034e84a74a47a6371d048
[INFO] 24-12-2024 13:10:03 [TestNG-test-Raneen Cloud Tests-1] [Listeners.IInvokedMethodListenerClass.afterInvocation(IInvokedMethodListenerClass.java:25)] - Test Case testRegistrationFlow failed
[ERROR] 24-12-2024 13:10:03 [TestNG-test-Raneen Cloud Tests-1] [Utilities.Utility.takeScreenShot(Utility.java:81)] - Cannot invoke "org.openqa.selenium.TakesScreenshot.getScreenshotAs(org.openqa.selenium.OutputType)" because "driver" is null
